<?xml version="1.0" encoding="UTF-8"?>
<testsuite name="gremlins.AppTest" tests="3" skipped="0" failures="0" errors="0" timestamp="2022-10-22T04:19:55" hostname="Alexanders-MacBook-Pro-2.local" time="18.626">
  <properties/>
  <testcase name="getterTest()" classname="gremlins.AppTest" time="4.042"/>
  <testcase name="levelProgressionTest()" classname="gremlins.AppTest" time="9.047"/>
  <testcase name="instructionsTest()" classname="gremlins.AppTest" time="5.537"/>
  <system-out><![CDATA[]]></system-out>
  <system-err><![CDATA[]]></system-err>
</testsuite>
