<?xml version="1.0" encoding="UTF-8"?>
<testsuite name="gremlins.BigTest" tests="3" skipped="0" failures="0" errors="0" timestamp="2022-10-19T10:00:58" hostname="Alexanders-MacBook-Pro-2.local" time="19.237">
  <properties/>
  <testcase name="test01()" classname="gremlins.BigTest" time="4.586"/>
  <testcase name="test02()" classname="gremlins.BigTest" time="7.582"/>
  <testcase name="test03()" classname="gremlins.BigTest" time="7.069"/>
  <system-out><![CDATA[]]></system-out>
  <system-err><![CDATA[]]></system-err>
</testsuite>
