<?xml version="1.0" encoding="UTF-8"?>
<testsuite name="gremlins.BigTest" tests="9" skipped="0" failures="0" errors="0" timestamp="2022-10-22T05:54:10" hostname="Alexanders-MacBook-Pro-2.local" time="66.565">
  <properties/>
  <testcase name="fireBallGremlinInteractionTest()" classname="gremlins.BigTest" time="2.525"/>
  <testcase name="wizardStaticTest()" classname="gremlins.BigTest" time="4.554"/>
  <testcase name="slimeHitFireballTest()" classname="gremlins.BigTest" time="1.365"/>
  <testcase name="wizardGremlinInteractionTest()" classname="gremlins.BigTest" time="3.222"/>
  <testcase name="wizardDynamicTest()" classname="gremlins.BigTest" time="9.079"/>
  <testcase name="slimeHitWizardTest()" classname="gremlins.BigTest" time="2.388"/>
  <testcase name="directionalKamehamehaTest()" classname="gremlins.BigTest" time="17.584"/>
  <testcase name="wizardImmobileInteractionTest()" classname="gremlins.BigTest" time="18.504"/>
  <testcase name="gremlinAITest()" classname="gremlins.BigTest" time="7.343"/>
  <system-out><![CDATA[Start of loop
360 200
 Wizard inside loop: false
End of loop
Fireball size Before: 0
Fireball size After1
1
]]></system-out>
  <system-err><![CDATA[]]></system-err>
</testsuite>
