<?xml version="1.0" encoding="UTF-8"?>
<testsuite name="gremlins.KamehamehaTestND" tests="2" skipped="0" failures="0" errors="0" timestamp="2022-10-20T08:22:30" hostname="Alexanders-MacBook-Pro-2.local" time="0.001">
  <properties/>
  <testcase name="constructor()" classname="gremlins.KamehamehaTestND" time="0.0"/>
  <testcase name="directionTest()" classname="gremlins.KamehamehaTestND" time="0.0"/>
  <system-out><![CDATA[]]></system-out>
  <system-err><![CDATA[]]></system-err>
</testsuite>
