<?xml version="1.0" encoding="UTF-8"?>
<testsuite name="gremlins.SlimeBallTestND" tests="3" skipped="0" failures="0" errors="0" timestamp="2022-10-18T13:06:08" hostname="Alexanders-MacBook-Pro-2.local" time="0.0">
  <properties/>
  <testcase name="constructor()" classname="gremlins.SlimeBallTestND" time="0.0"/>
  <testcase name="methodTest()" classname="gremlins.SlimeBallTestND" time="0.0"/>
  <testcase name="hitTest()" classname="gremlins.SlimeBallTestND" time="0.0"/>
  <system-out><![CDATA[]]></system-out>
  <system-err><![CDATA[]]></system-err>
</testsuite>
