<?xml version="1.0" encoding="UTF-8"?>
<testsuite name="gremlins.FreezePotionTestND" tests="2" skipped="0" failures="0" errors="0" timestamp="2022-10-17T08:22:45" hostname="Alexanders-MacBook-Pro-2.local" time="0.002">
  <properties/>
  <testcase name="constructor()" classname="gremlins.FreezePotionTestND" time="0.001"/>
  <testcase name="methodTest()" classname="gremlins.FreezePotionTestND" time="0.0"/>
  <system-out><![CDATA[]]></system-out>
  <system-err><![CDATA[]]></system-err>
</testsuite>
