<?xml version="1.0" encoding="UTF-8"?>
<testsuite name="gremlins.IndestructableTestND" tests="2" skipped="0" failures="0" errors="0" timestamp="2022-10-17T07:01:40" hostname="Alexanders-MacBook-Pro-2.local" time="0.001">
  <properties/>
  <testcase name="constructor()" classname="gremlins.IndestructableTestND" time="0.001"/>
  <testcase name="methodTest()" classname="gremlins.IndestructableTestND" time="0.0"/>
  <system-out><![CDATA[]]></system-out>
  <system-err><![CDATA[]]></system-err>
</testsuite>
