<?xml version="1.0" encoding="UTF-8"?>
<testsuite name="gremlins.FireballTestND" tests="3" skipped="0" failures="0" errors="0" timestamp="2022-10-21T04:27:37" hostname="Alexanders-MacBook-Pro-2.local" time="0.002">
  <properties/>
  <testcase name="constructor()" classname="gremlins.FireballTestND" time="0.001"/>
  <testcase name="methodTest()" classname="gremlins.FireballTestND" time="0.0"/>
  <testcase name="hitTest()" classname="gremlins.FireballTestND" time="0.0"/>
  <system-out><![CDATA[]]></system-out>
  <system-err><![CDATA[]]></system-err>
</testsuite>
