<?xml version="1.0" encoding="UTF-8"?>
<testsuite name="gremlins.MapTest" tests="3" skipped="0" failures="0" errors="0" timestamp="2022-10-22T04:20:15" hostname="Alexanders-MacBook-Pro-2.local" time="0.002">
  <properties/>
  <testcase name="constructor()" classname="gremlins.MapTest" time="0.0"/>
  <testcase name="errorTest()" classname="gremlins.MapTest" time="0.0"/>
  <testcase name="readFileTest()" classname="gremlins.MapTest" time="0.002"/>
  <system-out><![CDATA[]]></system-out>
  <system-err><![CDATA[]]></system-err>
</testsuite>
