<?xml version="1.0" encoding="UTF-8"?>
<testsuite name="gremlins.MapTest" tests="2" skipped="0" failures="0" errors="0" timestamp="2022-10-18T13:06:08" hostname="Alexanders-MacBook-Pro-2.local" time="0.005">
  <properties/>
  <testcase name="constructor()" classname="gremlins.MapTest" time="0.0"/>
  <testcase name="readFile()" classname="gremlins.MapTest" time="0.004"/>
  <system-out><![CDATA[]]></system-out>
  <system-err><![CDATA[Map file could not be located
]]></system-err>
</testsuite>
